<?xml version="1.0" encoding="UTF-8"?>
<robot generator="Robot 7.4.1 (Python 3.14.3 on win32)" generated="2026-03-18T21:45:30.385764" rpa="false" schemaversion="5">
<suite id="s1" name="Robot Web Framework" source="C:\Users\Guilh\OneDrive\Documentos\Robot_Web_Framework">
<suite id="s1-s1" name="Features" source="C:\Users\Guilh\OneDrive\Documentos\Robot_Web_Framework\features">
<kw name="Open driver" owner="hooks" type="SETUP">
<kw name="Open Browser" owner="SeleniumLibrary">
<msg time="2026-03-18T21:45:30.610716" level="INFO">Opening browser 'chrome' to base url 'https://demos.bellatrix.solutions/'.</msg>
<arg>${URL}</arg>
<arg>${browser}</arg>
<doc>Opens a new browser instance to the optional ``url``.</doc>
<status status="PASS" start="2026-03-18T21:45:30.610266" elapsed="3.526239"/>
</kw>
<kw name="Maximize Browser Window" owner="SeleniumLibrary">
<doc>Maximizes current browser window.</doc>
<status status="PASS" start="2026-03-18T21:45:34.137072" elapsed="0.045168"/>
</kw>
<status status="PASS" start="2026-03-18T21:45:30.609518" elapsed="3.573116"/>
</kw>
<suite id="s1-s1-s1" name="acessarCarrinho" source="C:\Users\Guilh\OneDrive\Documentos\Robot_Web_Framework\features\acessarCarrinho.robot">
<test id="s1-s1-s1-t1" name="Clicar carrinho" line="7">
<kw name="Dado que clico no botao do carrinho" owner="acessarCarrinhoStep">
<kw name="Click Element" owner="SeleniumLibrary">
<msg time="2026-03-18T21:45:34.243558" level="INFO">Clicking element 'xpath=//a[contains(@href,'cart')]'.</msg>
<arg>${btnProdutos}</arg>
<doc>Click the element identified by ``locator``.</doc>
<status status="PASS" start="2026-03-18T21:45:34.242057" elapsed="1.329312"/>
</kw>
<kw name="Sleep" owner="BuiltIn">
<msg time="2026-03-18T21:45:40.573509" level="INFO">Slept 5 seconds.</msg>
<arg>5s</arg>
<doc>Pauses the test executed for the given time.</doc>
<status status="PASS" start="2026-03-18T21:45:35.571757" elapsed="5.002250"/>
</kw>
<kw name="Element Text Should Be" owner="SeleniumLibrary">
<msg time="2026-03-18T21:45:40.575871" level="INFO">Verifying element 'xpath=//h1[@class='entry-title']' contains exact text 'Cart'.</msg>
<arg>${TXT_TITULO_CARRINHO}</arg>
<arg>Cart</arg>
<doc>Verifies that element ``locator`` contains exact the text ``expected``.</doc>
<status status="PASS" start="2026-03-18T21:45:40.574381" elapsed="0.024055"/>
</kw>
<status status="PASS" start="2026-03-18T21:45:34.240066" elapsed="6.358533"/>
</kw>
<status status="PASS" start="2026-03-18T21:45:34.230740" elapsed="6.368287"/>
</test>
<status status="PASS" start="2026-03-18T21:45:34.182955" elapsed="6.420478"/>
</suite>
<kw name="Close driver" owner="hooks" type="TEARDOWN">
<kw name="Close Browser" owner="SeleniumLibrary">
<doc>Closes the current browser.</doc>
<status status="PASS" start="2026-03-18T21:45:40.634607" elapsed="2.320091"/>
</kw>
<status status="PASS" start="2026-03-18T21:45:40.633375" elapsed="2.321830"/>
</kw>
<status status="PASS" start="2026-03-18T21:45:30.427001" elapsed="12.528333"/>
</suite>
<status status="PASS" start="2026-03-18T21:45:30.389926" elapsed="12.571800"/>
</suite>
<statistics>
<total>
<stat pass="1" fail="0" skip="0">All Tests</stat>
</total>
<tag>
</tag>
<suite>
<stat name="Robot Web Framework" id="s1" pass="1" fail="0" skip="0">Robot Web Framework</stat>
<stat name="Features" id="s1-s1" pass="1" fail="0" skip="0">Robot Web Framework.Features</stat>
<stat name="acessarCarrinho" id="s1-s1-s1" pass="1" fail="0" skip="0">Robot Web Framework.Features.acessarCarrinho</stat>
</suite>
</statistics>
<errors>
</errors>
</robot>
